[2019-02-13T17:50:34.987] [INFO] default - Server running at http://127.0.0.1:3000/
[2019-02-13T17:50:37.536] [INFO] default - Connected to mongo database
[2019-02-13T17:51:49.814] [INFO] default - Server running at http://127.0.0.1:3000/
[2019-02-13T17:51:50.857] [INFO] default - Connected to mongo database
[2019-02-13T17:54:15.820] [INFO] default - Server running at http://127.0.0.1:3000/
[2019-02-13T17:54:16.839] [INFO] default - Connected to mongo database
[2019-02-13T17:59:38.491] [INFO] default - Server running at http://127.0.0.1:3000/
[2019-02-13T17:59:39.553] [INFO] default - Connected to mongo database
[2019-02-13T18:00:47.109] [INFO] default - Server running at http://127.0.0.1:3000/
[2019-02-13T18:00:48.162] [INFO] default - Connected to mongo database
[2019-02-13T18:01:04.071] [INFO] default - Server running at http://127.0.0.1:3000/
[2019-02-13T18:01:05.109] [INFO] default - Connected to mongo database
[2019-02-13T18:01:38.412] [INFO] default - Server running at http://127.0.0.1:3000/
[2019-02-13T18:01:39.441] [INFO] default - Connected to mongo database
[2019-02-13T18:01:50.567] [INFO] default - Server running at http://127.0.0.1:3000/
[2019-02-13T18:01:51.613] [INFO] default - Connected to mongo database
[2019-02-13T18:02:02.608] [INFO] default - Server running at http://127.0.0.1:3000/
[2019-02-13T18:02:03.643] [INFO] default - Connected to mongo database
[2019-02-13T18:02:51.488] [INFO] default - Server running at http://127.0.0.1:3000/
[2019-02-13T18:02:52.511] [INFO] default - Connected to mongo database
[2019-02-13T18:02:55.047] [INFO] default - Server running at http://127.0.0.1:3000/
[2019-02-13T18:02:56.085] [INFO] default - Connected to mongo database
[2019-02-13T18:03:15.412] [INFO] default - Server running at http://127.0.0.1:3000/
[2019-02-13T18:03:16.459] [INFO] default - Connected to mongo database
[2019-02-13T18:05:16.056] [INFO] default - Server running at http://127.0.0.1:3000/
[2019-02-13T18:05:17.105] [INFO] default - Connected to mongo database
[2019-02-13T18:05:44.806] [INFO] default - Server running at http://127.0.0.1:3000/
[2019-02-13T18:05:45.823] [INFO] default - Connected to mongo database
[2019-02-13T18:07:30.374] [INFO] default - Server running at http://127.0.0.1:3000/
[2019-02-13T18:07:31.402] [INFO] default - Connected to mongo database
[2019-02-13T18:08:25.987] [INFO] default - Server running at http://127.0.0.1:3000/
[2019-02-13T18:08:27.018] [INFO] default - Connected to mongo database
[2019-02-13T18:09:06.080] [INFO] default - Server running at http://127.0.0.1:3000/
[2019-02-13T18:09:07.096] [INFO] default - Connected to mongo database
[2019-02-13T18:25:36.149] [INFO] default - Server running at http://127.0.0.1:3000/
[2019-02-13T18:25:37.193] [INFO] default - Connected to mongo database
[2019-02-13T18:28:54.985] [INFO] default - inserting notes in db
[2019-02-13T18:44:33.883] [INFO] default - Server running at http://127.0.0.1:3000/
[2019-02-13T18:44:34.925] [INFO] default - Connected to mongo database
[2019-02-13T18:44:50.782] [INFO] default - inserting notes in db
[2019-02-22T18:19:27.513] [INFO] default - Server running at http://127.0.0.1:3000/
[2019-02-22T18:19:28.838] [INFO] default - Connected to mongo database
[2019-02-22T18:27:54.979] [INFO] default - Server running at http://127.0.0.1:3000/
[2019-02-22T18:27:56.027] [INFO] default - Connected to mongo database
[2019-02-22T18:29:08.608] [INFO] default - Server running at http://127.0.0.1:3000/
[2019-02-22T18:29:09.635] [INFO] default - Connected to mongo database
[2019-02-22T18:30:12.036] [INFO] default - Server running at http://127.0.0.1:3000/
[2019-02-22T18:30:13.061] [INFO] default - Connected to mongo database
[2019-02-22T19:09:53.913] [INFO] default - Server running at http://127.0.0.1:3000/
[2019-02-22T19:09:54.989] [INFO] default - Connected to mongo database
[2019-02-22T19:10:41.762] [INFO] default - inserting notes in db
[2019-02-22T19:13:07.223] [INFO] default - Server running at http://127.0.0.1:3000/
[2019-02-22T19:13:08.255] [INFO] default - Connected to mongo database
[2019-02-22T19:13:13.698] [INFO] default - inserting notes in db
[2019-02-22T19:13:45.650] [INFO] default - Server running at http://127.0.0.1:3000/
[2019-02-22T19:13:46.674] [INFO] default - Connected to mongo database
[2019-02-22T19:13:53.061] [INFO] default - inserting notes in db
[2019-02-22T19:14:34.976] [INFO] default - Server running at http://127.0.0.1:3000/
[2019-02-22T19:14:36.005] [INFO] default - Connected to mongo database
[2019-02-22T19:14:38.784] [INFO] default - inserting notes in db
[2019-02-22T19:16:58.871] [INFO] default - Server running at http://127.0.0.1:3000/
[2019-02-22T19:16:59.907] [INFO] default - Connected to mongo database
[2019-02-22T19:17:40.542] [INFO] default - Server running at http://127.0.0.1:3000/
[2019-02-22T19:17:41.580] [INFO] default - Connected to mongo database
[2019-02-22T19:18:07.950] [INFO] default - inserting notes in db
[2019-02-22T19:19:08.514] [INFO] default - Server running at http://127.0.0.1:3000/
[2019-02-22T19:19:09.547] [INFO] default - Connected to mongo database
[2019-02-22T19:40:35.103] [INFO] default - Server running at http://127.0.0.1:3000/
[2019-02-22T19:40:36.131] [INFO] default - Connected to mongo database
[2019-02-22T19:43:14.645] [INFO] default - Server running at http://127.0.0.1:3000/
[2019-02-22T19:43:15.675] [INFO] default - Connected to mongo database
[2019-02-22T19:43:32.572] [INFO] default - inserting notes in db
[2019-02-22T19:46:30.622] [INFO] default - Server running at http://127.0.0.1:3000/
[2019-02-22T19:46:31.653] [INFO] default - Connected to mongo database
[2019-02-22T19:46:49.679] [INFO] default - Server running at http://127.0.0.1:3000/
[2019-02-22T19:46:50.718] [INFO] default - Connected to mongo database
[2019-02-22T19:47:01.977] [INFO] default - inserting notes in db
[2019-02-22T19:47:27.278] [INFO] default - Server running at http://127.0.0.1:3000/
[2019-02-22T19:47:28.317] [INFO] default - Connected to mongo database
[2019-02-22T19:47:32.418] [INFO] default - inserting notes in db
[2019-02-22T19:47:56.458] [INFO] default - Server running at http://127.0.0.1:3000/
[2019-02-22T19:47:57.500] [INFO] default - Connected to mongo database
[2019-02-22T19:48:01.328] [INFO] default - Server running at http://127.0.0.1:3000/
[2019-02-22T19:48:02.353] [INFO] default - Connected to mongo database
[2019-02-22T19:48:51.847] [INFO] default - Server running at http://127.0.0.1:3000/
[2019-02-22T19:48:52.874] [INFO] default - Connected to mongo database
[2019-02-22T19:48:55.588] [INFO] default - inserting notes in db
[2019-02-22T19:57:36.706] [INFO] default - Server running at http://127.0.0.1:3000/
[2019-02-22T19:57:37.739] [INFO] default - Connected to mongo database
[2019-02-22T19:57:53.727] [INFO] default - inserting notes in db
[2019-02-22T19:58:10.032] [INFO] default - Server running at http://127.0.0.1:3000/
[2019-02-22T19:58:11.057] [INFO] default - Connected to mongo database
[2019-02-22T19:58:14.625] [INFO] default - inserting notes in db
[2019-02-22T19:58:29.629] [INFO] default - Server running at http://127.0.0.1:3000/
[2019-02-22T19:58:30.681] [INFO] default - Connected to mongo database
[2019-02-22T19:58:33.630] [INFO] default - Server running at http://127.0.0.1:3000/
[2019-02-22T19:58:34.668] [INFO] default - Connected to mongo database
[2019-02-23T00:05:01.890] [INFO] default - Server running at http://127.0.0.1:3000/
[2019-02-23T00:05:01.937] [ERROR] default - Error in database connection... { MongoNetworkError: failed to connect to server [localhost:27017] on first connect [MongoNetworkError: connect ECONNREFUSED 127.0.0.1:27017]
    at Pool.<anonymous> (/home/priyanka/StackRoute-Assignments/keep_streams/node_modules/mongodb-core/lib/topologies/server.js:564:11)
    at emitOne (events.js:96:13)
    at Pool.emit (events.js:188:7)
    at Connection.<anonymous> (/home/priyanka/StackRoute-Assignments/keep_streams/node_modules/mongodb-core/lib/connection/pool.js:317:12)
    at Connection.g (events.js:292:16)
    at emitTwo (events.js:106:13)
    at Connection.emit (events.js:191:7)
    at Socket.<anonymous> (/home/priyanka/StackRoute-Assignments/keep_streams/node_modules/mongodb-core/lib/connection/connection.js:246:50)
    at Socket.g (events.js:292:16)
    at emitOne (events.js:96:13)
    at Socket.emit (events.js:188:7)
    at emitErrorNT (net.js:1290:8)
    at _combinedTickCallback (internal/process/next_tick.js:80:11)
    at process._tickCallback (internal/process/next_tick.js:104:9)
  name: 'MongoNetworkError',
  errorLabels: [ 'TransientTransactionError' ] }
[2019-02-23T00:05:37.336] [INFO] default - Server running at http://127.0.0.1:3000/
[2019-02-23T00:05:37.407] [INFO] default - Connected to mongo database
[2019-02-23T00:08:25.162] [INFO] default - Server running at http://127.0.0.1:3000/
[2019-02-23T00:08:25.225] [INFO] default - Connected to mongo database
[2019-02-23T00:10:01.860] [INFO] default - getting notes as stream
[2019-02-23T00:10:43.748] [INFO] default - inserting notes in db
[2019-02-23T00:19:40.473] [INFO] default - Server running at http://127.0.0.1:3000/
[2019-02-23T00:19:40.527] [INFO] default - Connected to mongo database
[2019-02-23T00:22:45.226] [INFO] default - Server running at http://127.0.0.1:3000/
[2019-02-23T00:22:45.325] [INFO] default - Connected to mongo database
[2019-02-23T00:32:24.620] [INFO] default - Server running at http://127.0.0.1:3000/
[2019-02-23T00:32:24.668] [INFO] default - Connected to mongo database
[2019-02-23T00:32:31.295] [INFO] default - Server running at http://127.0.0.1:3000/
[2019-02-23T00:32:31.338] [INFO] default - Connected to mongo database
[2019-02-23T00:32:51.607] [INFO] default - Server running at http://127.0.0.1:3000/
[2019-02-23T00:32:51.676] [INFO] default - Connected to mongo database
[2019-02-23T00:33:00.551] [INFO] default - inserting notes in db
[2019-02-23T00:34:47.272] [INFO] default - Server running at http://127.0.0.1:3000/
[2019-02-23T00:34:47.312] [INFO] default - Connected to mongo database
[2019-02-23T00:34:55.845] [INFO] default - inserting notes in db
[2019-02-23T00:40:42.062] [INFO] default - Server running at http://127.0.0.1:3000/
[2019-02-23T00:40:42.130] [INFO] default - Connected to mongo database
[2019-02-23T00:40:50.164] [INFO] default - Server running at http://127.0.0.1:3000/
[2019-02-23T00:40:50.211] [INFO] default - Connected to mongo database
[2019-02-23T00:40:54.616] [INFO] default - inserting notes in db
[2019-02-23T00:41:54.153] [INFO] default - inserting notes in db
[2019-02-23T00:42:07.281] [INFO] default - inserting notes in db
[2019-02-23T00:42:19.788] [INFO] default - Server running at http://127.0.0.1:3000/
[2019-02-23T00:42:19.906] [INFO] default - Connected to mongo database
[2019-02-23T00:43:12.151] [INFO] default - Server running at http://127.0.0.1:3000/
[2019-02-23T00:43:12.206] [INFO] default - Connected to mongo database
[2019-02-23T00:43:19.173] [INFO] default - inserting notes in db
[2019-02-23T00:44:26.007] [INFO] default - Server running at http://127.0.0.1:3000/
[2019-02-23T00:44:26.051] [INFO] default - Connected to mongo database
[2019-02-23T00:47:09.976] [INFO] default - Server running at http://127.0.0.1:3000/
[2019-02-23T00:47:10.036] [INFO] default - Connected to mongo database
[2019-02-23T00:47:13.561] [INFO] default - inserting notes in db
[2019-02-23T00:49:45.239] [INFO] default - Server running at http://127.0.0.1:3000/
[2019-02-23T00:49:45.282] [INFO] default - Connected to mongo database
[2019-02-23T00:50:01.580] [INFO] default - Server running at http://127.0.0.1:3000/
[2019-02-23T00:50:01.625] [INFO] default - Connected to mongo database
[2019-02-23T00:50:25.983] [INFO] default - inserting notes in db
[2019-02-23T00:51:10.618] [INFO] default - Server running at http://127.0.0.1:3000/
[2019-02-23T00:51:10.702] [INFO] default - Connected to mongo database
[2019-02-23T00:51:15.953] [INFO] default - inserting notes in db
[2019-02-23T00:51:56.387] [INFO] default - Server running at http://127.0.0.1:3000/
[2019-02-23T00:51:56.433] [INFO] default - Connected to mongo database
[2019-02-23T00:56:39.644] [INFO] default - Server running at http://127.0.0.1:3000/
[2019-02-23T00:56:39.689] [INFO] default - Connected to mongo database
[2019-02-23T00:56:58.758] [INFO] default - Server running at http://127.0.0.1:3000/
[2019-02-23T00:56:58.803] [INFO] default - Connected to mongo database
[2019-02-23T00:57:06.180] [INFO] default - inserting notes in db
[2019-02-23T00:58:18.654] [INFO] default - Server running at http://127.0.0.1:3000/
[2019-02-23T00:58:18.708] [INFO] default - Connected to mongo database
[2019-02-23T00:58:34.069] [INFO] default - inserting notes in db
[2019-02-23T00:59:11.509] [INFO] default - Server running at http://127.0.0.1:3000/
[2019-02-23T00:59:11.580] [INFO] default - Connected to mongo database
[2019-02-23T00:59:23.394] [INFO] default - inserting notes in db
[2019-02-23T00:59:53.922] [INFO] default - Server running at http://127.0.0.1:3000/
[2019-02-23T00:59:54.008] [INFO] default - Connected to mongo database
[2019-02-23T01:03:59.144] [INFO] default - Server running at http://127.0.0.1:3000/
[2019-02-23T01:03:59.201] [INFO] default - Connected to mongo database
[2019-02-23T01:04:03.012] [INFO] default - inserting notes in db
[2019-02-23T01:04:28.810] [INFO] default - Server running at http://127.0.0.1:3000/
[2019-02-23T01:04:28.860] [INFO] default - Connected to mongo database
[2019-02-23T01:04:50.611] [INFO] default - inserting notes in db
[2019-02-23T01:06:49.464] [INFO] default - Server running at http://127.0.0.1:3000/
[2019-02-23T01:06:49.518] [INFO] default - Connected to mongo database
[2019-02-23T01:07:09.465] [INFO] default - Server running at http://127.0.0.1:3000/
[2019-02-23T01:07:09.516] [INFO] default - Connected to mongo database
[2019-02-23T01:08:04.911] [INFO] default - Server running at http://127.0.0.1:3000/
[2019-02-23T01:08:04.960] [INFO] default - Connected to mongo database
[2019-02-23T01:08:15.725] [INFO] default - Server running at http://127.0.0.1:3000/
[2019-02-23T01:08:15.786] [INFO] default - Connected to mongo database
[2019-02-23T01:09:02.463] [INFO] default - Server running at http://127.0.0.1:3000/
[2019-02-23T01:09:02.511] [INFO] default - Connected to mongo database
[2019-02-23T01:22:09.910] [INFO] default - Server running at http://127.0.0.1:3000/
[2019-02-23T01:22:09.951] [INFO] default - Connected to mongo database
[2019-02-23T01:22:24.409] [INFO] default - Server running at http://127.0.0.1:3000/
[2019-02-23T01:22:24.537] [INFO] default - Connected to mongo database
[2019-02-23T01:30:46.208] [INFO] default - Server running at http://127.0.0.1:3000/
[2019-02-23T01:30:46.273] [INFO] default - Connected to mongo database
[2019-02-23T01:31:06.904] [INFO] default - getting notes as stream for userid -  001
[2019-02-23T01:32:10.025] [INFO] default - Server running at http://127.0.0.1:3000/
[2019-02-23T01:32:10.069] [INFO] default - Connected to mongo database
[2019-02-23T01:32:12.620] [INFO] default - getting notes as stream for userid -  001
[2019-02-23T01:32:50.449] [INFO] default - Server running at http://127.0.0.1:3000/
[2019-02-23T01:32:50.496] [INFO] default - Connected to mongo database
[2019-02-23T01:33:43.786] [INFO] default - Server running at http://127.0.0.1:3000/
[2019-02-23T01:33:43.829] [INFO] default - Connected to mongo database
[2019-02-23T01:33:47.401] [INFO] default - getting notes as stream for userid -  001
[2019-02-23T01:33:47.428] [INFO] default - data read from DB [
{"_id":"5c704eda6460491f806ba61e","state":"not-started","createdOn":"2019-02-22T19:34:28.745Z","modifiedOn":"2019-02-22T19:34:28.745Z","id":"ebaefb60-36d8-11e9-8d37-03cc4d4e0b6e","title":"title 1","text":"text 1","userId":"001"}
[2019-02-23T01:33:47.431] [INFO] default - data read from DB 
,
{"_id":"5c704eda6460491f806ba61f","state":"not-started","createdOn":"2019-02-22T19:34:28.745Z","modifiedOn":"2019-02-22T19:34:28.745Z","id":"ebb34120-36d8-11e9-8d37-03cc4d4e0b6e","title":"title 2","text":"text 2","userId":"001"}
[2019-02-23T01:33:47.432] [INFO] default - data read from DB 
,
{"_id":"5c704eda6460491f806ba620","state":"not-started","createdOn":"2019-02-22T19:34:28.745Z","modifiedOn":"2019-02-22T19:34:28.745Z","id":"ebb38f40-36d8-11e9-8d37-03cc4d4e0b6e","title":"title 3","text":"text 3","userId":"001"}
[2019-02-23T01:33:47.433] [INFO] default - data read from DB 
,
{"_id":"5c704eda6460491f806ba621","state":"not-started","createdOn":"2019-02-22T19:34:28.745Z","modifiedOn":"2019-02-22T19:34:28.745Z","id":"ebb3b650-36d8-11e9-8d37-03cc4d4e0b6e","title":"title 4","text":"text 4","userId":"001"}
[2019-02-23T01:33:47.434] [INFO] default - data read from DB 
,
{"_id":"5c704eda6460491f806ba622","state":"not-started","createdOn":"2019-02-22T19:34:28.745Z","modifiedOn":"2019-02-22T19:34:28.745Z","id":"ebb3b651-36d8-11e9-8d37-03cc4d4e0b6e","title":"title 5","text":"text 5","userId":"001"}
[2019-02-23T01:33:47.435] [INFO] default - data read from DB 
,
{"_id":"5c704eda6460491f806ba623","state":"not-started","createdOn":"2019-02-22T19:34:28.745Z","modifiedOn":"2019-02-22T19:34:28.745Z","id":"ebb3dd60-36d8-11e9-8d37-03cc4d4e0b6e","title":"title 6","text":"text 6","userId":"001"}
[2019-02-23T01:33:47.436] [INFO] default - data read from DB 
]

[2019-02-23T01:34:23.747] [INFO] default - Server running at http://127.0.0.1:3000/
[2019-02-23T01:34:23.831] [INFO] default - Connected to mongo database
[2019-02-23T01:34:25.364] [INFO] default - getting notes as stream for userid -  001
[2019-02-23T01:36:13.192] [INFO] default - Server running at http://127.0.0.1:3000/
[2019-02-23T01:36:13.234] [INFO] default - Connected to mongo database
[2019-02-23T01:38:03.049] [INFO] default - Server running at http://127.0.0.1:3000/
[2019-02-23T01:38:03.097] [INFO] default - Connected to mongo database
[2019-02-23T01:38:12.564] [INFO] default - Server running at http://127.0.0.1:3000/
[2019-02-23T01:38:12.611] [INFO] default - Connected to mongo database
[2019-02-23T01:38:28.143] [INFO] default - Server running at http://127.0.0.1:3000/
[2019-02-23T01:38:28.189] [INFO] default - Connected to mongo database
[2019-02-23T01:39:09.531] [INFO] default - Server running at http://127.0.0.1:3000/
[2019-02-23T01:39:09.612] [INFO] default - Connected to mongo database
[2019-02-23T01:39:24.942] [INFO] default - Server running at http://127.0.0.1:3000/
[2019-02-23T01:39:24.986] [INFO] default - Connected to mongo database
[2019-02-23T01:39:28.703] [INFO] default - getting notes as stream for userid -  001
[2019-02-23T01:41:17.199] [INFO] default - Server running at http://127.0.0.1:3000/
[2019-02-23T01:41:17.244] [INFO] default - Connected to mongo database
[2019-02-23T01:41:44.811] [INFO] default - Server running at http://127.0.0.1:3000/
[2019-02-23T01:41:44.861] [INFO] default - Connected to mongo database
[2019-02-23T01:41:54.076] [INFO] default - Server running at http://127.0.0.1:3000/
[2019-02-23T01:41:54.123] [INFO] default - Connected to mongo database
[2019-02-23T01:42:32.408] [INFO] default - getting notes as stream for userid -  001
[2019-02-23T01:43:27.346] [INFO] default - Server running at http://127.0.0.1:3000/
[2019-02-23T01:43:27.394] [INFO] default - Connected to mongo database
[2019-02-23T01:45:34.771] [INFO] default - Server running at http://127.0.0.1:3000/
[2019-02-23T01:45:34.815] [INFO] default - Connected to mongo database
[2019-02-23T01:45:52.585] [INFO] default - getting notes as stream for userid -  001
[2019-02-23T01:48:36.657] [INFO] default - Server running at http://127.0.0.1:3000/
[2019-02-23T01:48:36.701] [INFO] default - Connected to mongo database
[2019-02-23T01:48:41.689] [INFO] default - getting notes as stream for userid -  001
[2019-02-23T01:49:29.966] [INFO] default - Server running at http://127.0.0.1:3000/
[2019-02-23T01:49:30.016] [INFO] default - Connected to mongo database
[2019-02-23T01:49:32.326] [INFO] default - getting notes as stream for userid -  001
[2019-02-23T01:49:50.075] [INFO] default - Server running at http://127.0.0.1:3000/
[2019-02-23T01:49:50.119] [INFO] default - Connected to mongo database
[2019-02-23T01:50:10.697] [INFO] default - Server running at http://127.0.0.1:3000/
[2019-02-23T01:50:10.742] [INFO] default - Connected to mongo database
[2019-02-23T01:50:11.562] [INFO] default - getting notes as stream for userid -  001
[2019-02-23T01:50:44.069] [INFO] default - Server running at http://127.0.0.1:3000/
[2019-02-23T01:50:44.118] [INFO] default - Connected to mongo database
[2019-02-23T01:50:46.986] [INFO] default - getting notes as stream for userid -  001
[2019-02-23T01:51:29.471] [INFO] default - Server running at http://127.0.0.1:3000/
[2019-02-23T01:51:29.518] [INFO] default - Connected to mongo database
[2019-02-23T01:51:31.648] [INFO] default - getting notes as stream for userid -  001
[2019-02-23T01:51:53.088] [INFO] default - Server running at http://127.0.0.1:3000/
[2019-02-23T01:51:53.130] [INFO] default - Connected to mongo database
[2019-02-23T01:51:55.518] [INFO] default - getting notes as stream for userid -  001
[2019-02-23T01:53:01.509] [INFO] default - Server running at http://127.0.0.1:3000/
[2019-02-23T01:53:01.570] [INFO] default - Connected to mongo database
[2019-02-23T01:53:03.302] [INFO] default - getting notes as stream for userid -  001
[2019-02-23T01:54:51.000] [INFO] default - Server running at http://127.0.0.1:3000/
[2019-02-23T01:54:51.042] [INFO] default - Connected to mongo database
[2019-02-23T01:54:58.727] [INFO] default - Server running at http://127.0.0.1:3000/
[2019-02-23T01:54:58.771] [INFO] default - Connected to mongo database
[2019-02-23T01:55:04.993] [INFO] default - getting notes as stream for userid -  001
[2019-02-23T02:00:40.892] [INFO] default - Server running at http://127.0.0.1:3000/
[2019-02-23T02:00:40.939] [INFO] default - Connected to mongo database
[2019-02-23T02:01:08.674] [INFO] default - getting notes as stream for userid -  001
[2019-02-23T02:06:47.217] [INFO] default - Server running at http://127.0.0.1:3000/
[2019-02-23T02:06:47.281] [INFO] default - Connected to mongo database
[2019-02-23T02:06:49.311] [INFO] default - getting notes as stream for userid -  001
[2019-02-23T02:07:21.784] [INFO] default - Server running at http://127.0.0.1:3000/
[2019-02-23T02:07:21.824] [INFO] default - Connected to mongo database
[2019-02-23T02:08:11.830] [INFO] default - Server running at http://127.0.0.1:3000/
[2019-02-23T02:08:11.925] [INFO] default - Connected to mongo database
[2019-02-23T02:09:14.433] [INFO] default - getting notes as stream for userid -  001
[2019-02-23T02:16:26.135] [INFO] default - Server running at http://127.0.0.1:3000/
[2019-02-23T02:16:26.174] [INFO] default - Connected to mongo database
[2019-02-23T02:16:32.160] [INFO] default - getting notes as stream for userid -  001
[2019-02-23T02:17:14.338] [INFO] default - Server running at http://127.0.0.1:3000/
[2019-02-23T02:17:14.377] [INFO] default - Connected to mongo database
[2019-02-23T02:17:25.853] [INFO] default - getting notes as stream for userid -  001
[2019-02-23T02:17:55.870] [INFO] default - Server running at http://127.0.0.1:3000/
[2019-02-23T02:17:55.908] [INFO] default - Connected to mongo database
[2019-02-23T02:17:57.827] [INFO] default - getting notes as stream for userid -  001
[2019-02-23T02:18:05.289] [INFO] default - getting notes as stream for userid -  001
[2019-02-23T02:18:20.020] [INFO] default - Server running at http://127.0.0.1:3000/
[2019-02-23T02:18:20.077] [INFO] default - Connected to mongo database
[2019-02-23T02:18:23.408] [INFO] default - getting notes as stream for userid -  001
[2019-02-23T02:19:31.036] [INFO] default - Server running at http://127.0.0.1:3000/
[2019-02-23T02:19:31.108] [INFO] default - Connected to mongo database
[2019-02-23T02:19:36.334] [INFO] default - getting notes as stream for userid -  001
[2019-02-23T02:20:03.545] [INFO] default - Server running at http://127.0.0.1:3000/
[2019-02-23T02:20:03.585] [INFO] default - Connected to mongo database
[2019-02-23T02:20:08.135] [INFO] default - getting notes as stream for userid -  001
[2019-02-23T02:20:25.346] [INFO] default - Server running at http://127.0.0.1:3000/
[2019-02-23T02:20:25.385] [INFO] default - Connected to mongo database
[2019-02-23T02:20:27.301] [INFO] default - getting notes as stream for userid -  001
[2019-02-23T02:21:24.808] [INFO] default - Server running at http://127.0.0.1:3000/
[2019-02-23T02:21:24.865] [INFO] default - Connected to mongo database
[2019-02-23T02:21:29.695] [INFO] default - getting notes as stream for userid -  001
[2019-02-23T02:21:37.339] [INFO] default - inserting notes in db
[2019-02-23T02:21:37.362] [INFO] default - chunk { state: 'not-started',
  createdOn: 2019-02-22T20:51:24.744Z,
  modifiedOn: 2019-02-22T20:51:24.744Z,
  _id: 5c7060d9d751fe2d19c2d172,
  id: 'a57d9e20-36e3-11e9-b0b5-0dd43fa885a2',
  title: 'title 1',
  text: 'text 1',
  userId: '001' }
[2019-02-23T02:21:37.366] [INFO] default - chunk { state: 'not-started',
  createdOn: 2019-02-22T20:51:24.744Z,
  modifiedOn: 2019-02-22T20:51:24.744Z,
  _id: 5c7060d9d751fe2d19c2d173,
  id: 'a5808450-36e3-11e9-b0b5-0dd43fa885a2',
  title: 'title 2',
  text: 'text 2',
  userId: '001' }
[2019-02-23T02:21:37.369] [INFO] default - chunk { state: 'not-started',
  createdOn: 2019-02-22T20:51:24.744Z,
  modifiedOn: 2019-02-22T20:51:24.744Z,
  _id: 5c7060d9d751fe2d19c2d174,
  id: 'a580f980-36e3-11e9-b0b5-0dd43fa885a2',
  title: 'title 3',
  text: 'text 3',
  userId: '001' }
[2019-02-23T02:21:37.371] [INFO] default - chunk { state: 'not-started',
  createdOn: 2019-02-22T20:51:24.744Z,
  modifiedOn: 2019-02-22T20:51:24.744Z,
  _id: 5c7060d9d751fe2d19c2d175,
  id: 'a58147a0-36e3-11e9-b0b5-0dd43fa885a2',
  title: 'title 4',
  text: 'text 4',
  userId: '001' }
[2019-02-23T02:21:37.373] [INFO] default - chunk { state: 'not-started',
  createdOn: 2019-02-22T20:51:24.744Z,
  modifiedOn: 2019-02-22T20:51:24.744Z,
  _id: 5c7060d9d751fe2d19c2d176,
  id: 'a58195c0-36e3-11e9-b0b5-0dd43fa885a2',
  title: 'title 5',
  text: 'text 5',
  userId: '001' }
[2019-02-23T02:21:37.375] [INFO] default - chunk { state: 'not-started',
  createdOn: 2019-02-22T20:51:24.744Z,
  modifiedOn: 2019-02-22T20:51:24.744Z,
  _id: 5c7060d9d751fe2d19c2d177,
  id: 'a581e3e0-36e3-11e9-b0b5-0dd43fa885a2',
  title: 'title 6',
  text: 'text 6',
  userId: '001' }
[2019-02-23T02:21:37.435] [INFO] default - data inserted
[2019-02-23T02:21:42.904] [INFO] default - getting notes as stream for userid -  001
[2019-02-23T02:22:32.225] [INFO] default - Server running at http://127.0.0.1:3000/
[2019-02-23T02:22:32.276] [INFO] default - Connected to mongo database
[2019-02-23T02:23:14.289] [INFO] default - Server running at http://127.0.0.1:3000/
[2019-02-23T02:23:14.343] [INFO] default - Connected to mongo database
[2019-02-23T02:24:05.816] [INFO] default - Server running at http://127.0.0.1:3000/
[2019-02-23T02:24:05.867] [INFO] default - Connected to mongo database
[2019-02-23T02:26:17.013] [INFO] default - Server running at http://127.0.0.1:3000/
[2019-02-23T02:26:17.089] [INFO] default - Connected to mongo database
[2019-02-23T02:26:27.210] [INFO] default - Server running at http://127.0.0.1:3000/
[2019-02-23T02:26:27.261] [INFO] default - Connected to mongo database
[2019-02-23T02:26:41.950] [INFO] default - Server running at http://127.0.0.1:3000/
[2019-02-23T02:26:41.995] [INFO] default - Connected to mongo database
[2019-02-23T02:26:54.568] [INFO] default - Server running at http://127.0.0.1:3000/
[2019-02-23T02:26:54.610] [INFO] default - Connected to mongo database
[2019-02-23T02:27:00.384] [INFO] default - header :  Bearer eyJhbGciOiJIUzI1NiIsInR5cCI6IkpXVCJ9.eyJ1c2VyTmFtZSI6InByaTEiLCJ1c2VySWQiOiIxNjdiMzliMC0zNmQxLTExZTktYTk5Zi05MWQ5OTgxM2FjNjgiLCJpYXQiOjE1NTA4NjA3MzUsImV4cCI6MTU1MDg5NjczNX0.UCo6Ve8oEh8WFU8Xv-mZc8SLnDFxpGjo7fPfOd-wKc8
[2019-02-23T02:27:00.384] [INFO] default - token :  eyJhbGciOiJIUzI1NiIsInR5cCI6IkpXVCJ9.eyJ1c2VyTmFtZSI6InByaTEiLCJ1c2VySWQiOiIxNjdiMzliMC0zNmQxLTExZTktYTk5Zi05MWQ5OTgxM2FjNjgiLCJpYXQiOjE1NTA4NjA3MzUsImV4cCI6MTU1MDg5NjczNX0.UCo6Ve8oEh8WFU8Xv-mZc8SLnDFxpGjo7fPfOd-wKc8
[2019-02-23T02:27:00.391] [INFO] default - err: undefined
[2019-02-23T02:27:00.392] [INFO] default - Get notes data
[2019-02-23T02:27:00.393] [INFO] default - getting notes as stream for userid -  001
[2019-02-23T02:27:00.408] [INFO] default - []
[2019-02-23T02:27:00.435] [INFO] default - read finished [ { _id: '5c704eda6460491f806ba61e',
    state: 'not-started',
    createdOn: '2019-02-22T19:34:28.745Z',
    modifiedOn: '2019-02-22T19:34:28.745Z',
    id: 'ebaefb60-36d8-11e9-8d37-03cc4d4e0b6e',
    title: 'title 1',
    text: 'text 1',
    userId: '001' },
  { _id: '5c704eda6460491f806ba61f',
    state: 'not-started',
    createdOn: '2019-02-22T19:34:28.745Z',
    modifiedOn: '2019-02-22T19:34:28.745Z',
    id: 'ebb34120-36d8-11e9-8d37-03cc4d4e0b6e',
    title: 'title 2',
    text: 'text 2',
    userId: '001' },
  { _id: '5c704eda6460491f806ba620',
    state: 'not-started',
    createdOn: '2019-02-22T19:34:28.745Z',
    modifiedOn: '2019-02-22T19:34:28.745Z',
    id: 'ebb38f40-36d8-11e9-8d37-03cc4d4e0b6e',
    title: 'title 3',
    text: 'text 3',
    userId: '001' },
  { _id: '5c704eda6460491f806ba621',
    state: 'not-started',
    createdOn: '2019-02-22T19:34:28.745Z',
    modifiedOn: '2019-02-22T19:34:28.745Z',
    id: 'ebb3b650-36d8-11e9-8d37-03cc4d4e0b6e',
    title: 'title 4',
    text: 'text 4',
    userId: '001' },
  { _id: '5c704eda6460491f806ba622',
    state: 'not-started',
    createdOn: '2019-02-22T19:34:28.745Z',
    modifiedOn: '2019-02-22T19:34:28.745Z',
    id: 'ebb3b651-36d8-11e9-8d37-03cc4d4e0b6e',
    title: 'title 5',
    text: 'text 5',
    userId: '001' },
  { _id: '5c704eda6460491f806ba623',
    state: 'not-started',
    createdOn: '2019-02-22T19:34:28.745Z',
    modifiedOn: '2019-02-22T19:34:28.745Z',
    id: 'ebb3dd60-36d8-11e9-8d37-03cc4d4e0b6e',
    title: 'title 6',
    text: 'text 6',
    userId: '001' },
  { _id: '5c7060d9d751fe2d19c2d172',
    state: 'not-started',
    createdOn: '2019-02-22T20:51:24.744Z',
    modifiedOn: '2019-02-22T20:51:24.744Z',
    id: 'a57d9e20-36e3-11e9-b0b5-0dd43fa885a2',
    title: 'title 1',
    text: 'text 1',
    userId: '001' },
  { _id: '5c7060d9d751fe2d19c2d173',
    state: 'not-started',
    createdOn: '2019-02-22T20:51:24.744Z',
    modifiedOn: '2019-02-22T20:51:24.744Z',
    id: 'a5808450-36e3-11e9-b0b5-0dd43fa885a2',
    title: 'title 2',
    text: 'text 2',
    userId: '001' },
  { _id: '5c7060d9d751fe2d19c2d174',
    state: 'not-started',
    createdOn: '2019-02-22T20:51:24.744Z',
    modifiedOn: '2019-02-22T20:51:24.744Z',
    id: 'a580f980-36e3-11e9-b0b5-0dd43fa885a2',
    title: 'title 3',
    text: 'text 3',
    userId: '001' },
  { _id: '5c7060d9d751fe2d19c2d175',
    state: 'not-started',
    createdOn: '2019-02-22T20:51:24.744Z',
    modifiedOn: '2019-02-22T20:51:24.744Z',
    id: 'a58147a0-36e3-11e9-b0b5-0dd43fa885a2',
    title: 'title 4',
    text: 'text 4',
    userId: '001' },
  { _id: '5c7060d9d751fe2d19c2d176',
    state: 'not-started',
    createdOn: '2019-02-22T20:51:24.744Z',
    modifiedOn: '2019-02-22T20:51:24.744Z',
    id: 'a58195c0-36e3-11e9-b0b5-0dd43fa885a2',
    title: 'title 5',
    text: 'text 5',
    userId: '001' },
  { _id: '5c7060d9d751fe2d19c2d177',
    state: 'not-started',
    createdOn: '2019-02-22T20:51:24.744Z',
    modifiedOn: '2019-02-22T20:51:24.744Z',
    id: 'a581e3e0-36e3-11e9-b0b5-0dd43fa885a2',
    title: 'title 6',
    text: 'text 6',
    userId: '001' } ]
[2019-02-23T02:27:09.784] [INFO] default - header :  Bearer eyJhbGciOiJIUzI1NiIsInR5cCI6IkpXVCJ9.eyJ1c2VyTmFtZSI6InByaTEiLCJ1c2VySWQiOiIxNjdiMzliMC0zNmQxLTExZTktYTk5Zi05MWQ5OTgxM2FjNjgiLCJpYXQiOjE1NTA4NjA3MzUsImV4cCI6MTU1MDg5NjczNX0.UCo6Ve8oEh8WFU8Xv-mZc8SLnDFxpGjo7fPfOd-wKc8
[2019-02-23T02:27:09.784] [INFO] default - token :  eyJhbGciOiJIUzI1NiIsInR5cCI6IkpXVCJ9.eyJ1c2VyTmFtZSI6InByaTEiLCJ1c2VySWQiOiIxNjdiMzliMC0zNmQxLTExZTktYTk5Zi05MWQ5OTgxM2FjNjgiLCJpYXQiOjE1NTA4NjA3MzUsImV4cCI6MTU1MDg5NjczNX0.UCo6Ve8oEh8WFU8Xv-mZc8SLnDFxpGjo7fPfOd-wKc8
[2019-02-23T02:27:09.785] [INFO] default - err: undefined
[2019-02-23T02:27:09.786] [INFO] default - Upload bulk data
[2019-02-23T02:27:09.787] [INFO] default - inserting notes in db
[2019-02-23T02:27:09.811] [INFO] default - chunk { state: 'not-started',
  createdOn: 2019-02-22T20:56:54.505Z,
  modifiedOn: 2019-02-22T20:56:54.505Z,
  _id: 5c7062252840e82f209b8047,
  id: '6ba57640-36e4-11e9-b345-b73e8cb5f19f',
  title: 'title 1',
  text: 'text 1',
  userId: '001' }
[2019-02-23T02:27:09.824] [INFO] default - chunk { state: 'not-started',
  createdOn: 2019-02-22T20:56:54.505Z,
  modifiedOn: 2019-02-22T20:56:54.505Z,
  _id: 5c7062252840e82f209b8048,
  id: '6ba994f0-36e4-11e9-b345-b73e8cb5f19f',
  title: 'title 2',
  text: 'text 2',
  userId: '001' }
[2019-02-23T02:27:09.826] [INFO] default - chunk { state: 'not-started',
  createdOn: 2019-02-22T20:56:54.505Z,
  modifiedOn: 2019-02-22T20:56:54.505Z,
  _id: 5c7062252840e82f209b8049,
  id: '6ba9e310-36e4-11e9-b345-b73e8cb5f19f',
  title: 'title 3',
  text: 'text 3',
  userId: '001' }
[2019-02-23T02:27:09.827] [INFO] default - chunk { state: 'not-started',
  createdOn: 2019-02-22T20:56:54.505Z,
  modifiedOn: 2019-02-22T20:56:54.505Z,
  _id: 5c7062252840e82f209b804a,
  id: '6baa3130-36e4-11e9-b345-b73e8cb5f19f',
  title: 'title 4',
  text: 'text 4',
  userId: '001' }
[2019-02-23T02:27:09.829] [INFO] default - chunk { state: 'not-started',
  createdOn: 2019-02-22T20:56:54.505Z,
  modifiedOn: 2019-02-22T20:56:54.505Z,
  _id: 5c7062252840e82f209b804b,
  id: '6baa5840-36e4-11e9-b345-b73e8cb5f19f',
  title: 'title 5',
  text: 'text 5',
  userId: '001' }
[2019-02-23T02:27:09.830] [INFO] default - chunk { state: 'not-started',
  createdOn: 2019-02-22T20:56:54.505Z,
  modifiedOn: 2019-02-22T20:56:54.505Z,
  _id: 5c7062252840e82f209b804c,
  id: '6baaa660-36e4-11e9-b345-b73e8cb5f19f',
  title: 'title 6',
  text: 'text 6',
  userId: '001' }
[2019-02-23T02:27:09.872] [INFO] default - data inserted
[2019-02-23T02:27:16.263] [INFO] default - header :  Bearer eyJhbGciOiJIUzI1NiIsInR5cCI6IkpXVCJ9.eyJ1c2VyTmFtZSI6InByaTEiLCJ1c2VySWQiOiIxNjdiMzliMC0zNmQxLTExZTktYTk5Zi05MWQ5OTgxM2FjNjgiLCJpYXQiOjE1NTA4NjA3MzUsImV4cCI6MTU1MDg5NjczNX0.UCo6Ve8oEh8WFU8Xv-mZc8SLnDFxpGjo7fPfOd-wKc8
[2019-02-23T02:27:16.264] [INFO] default - token :  eyJhbGciOiJIUzI1NiIsInR5cCI6IkpXVCJ9.eyJ1c2VyTmFtZSI6InByaTEiLCJ1c2VySWQiOiIxNjdiMzliMC0zNmQxLTExZTktYTk5Zi05MWQ5OTgxM2FjNjgiLCJpYXQiOjE1NTA4NjA3MzUsImV4cCI6MTU1MDg5NjczNX0.UCo6Ve8oEh8WFU8Xv-mZc8SLnDFxpGjo7fPfOd-wKc8
[2019-02-23T02:27:16.265] [INFO] default - err: undefined
[2019-02-23T02:27:16.266] [INFO] default - Get notes data
[2019-02-23T02:27:16.266] [INFO] default - getting notes as stream for userid -  001
[2019-02-23T02:27:16.269] [INFO] default - []
[2019-02-23T02:27:16.287] [INFO] default - read finished [ { _id: '5c704eda6460491f806ba61e',
    state: 'not-started',
    createdOn: '2019-02-22T19:34:28.745Z',
    modifiedOn: '2019-02-22T19:34:28.745Z',
    id: 'ebaefb60-36d8-11e9-8d37-03cc4d4e0b6e',
    title: 'title 1',
    text: 'text 1',
    userId: '001' },
  { _id: '5c704eda6460491f806ba61f',
    state: 'not-started',
    createdOn: '2019-02-22T19:34:28.745Z',
    modifiedOn: '2019-02-22T19:34:28.745Z',
    id: 'ebb34120-36d8-11e9-8d37-03cc4d4e0b6e',
    title: 'title 2',
    text: 'text 2',
    userId: '001' },
  { _id: '5c704eda6460491f806ba620',
    state: 'not-started',
    createdOn: '2019-02-22T19:34:28.745Z',
    modifiedOn: '2019-02-22T19:34:28.745Z',
    id: 'ebb38f40-36d8-11e9-8d37-03cc4d4e0b6e',
    title: 'title 3',
    text: 'text 3',
    userId: '001' },
  { _id: '5c704eda6460491f806ba621',
    state: 'not-started',
    createdOn: '2019-02-22T19:34:28.745Z',
    modifiedOn: '2019-02-22T19:34:28.745Z',
    id: 'ebb3b650-36d8-11e9-8d37-03cc4d4e0b6e',
    title: 'title 4',
    text: 'text 4',
    userId: '001' },
  { _id: '5c704eda6460491f806ba622',
    state: 'not-started',
    createdOn: '2019-02-22T19:34:28.745Z',
    modifiedOn: '2019-02-22T19:34:28.745Z',
    id: 'ebb3b651-36d8-11e9-8d37-03cc4d4e0b6e',
    title: 'title 5',
    text: 'text 5',
    userId: '001' },
  { _id: '5c704eda6460491f806ba623',
    state: 'not-started',
    createdOn: '2019-02-22T19:34:28.745Z',
    modifiedOn: '2019-02-22T19:34:28.745Z',
    id: 'ebb3dd60-36d8-11e9-8d37-03cc4d4e0b6e',
    title: 'title 6',
    text: 'text 6',
    userId: '001' },
  { _id: '5c7060d9d751fe2d19c2d172',
    state: 'not-started',
    createdOn: '2019-02-22T20:51:24.744Z',
    modifiedOn: '2019-02-22T20:51:24.744Z',
    id: 'a57d9e20-36e3-11e9-b0b5-0dd43fa885a2',
    title: 'title 1',
    text: 'text 1',
    userId: '001' },
  { _id: '5c7060d9d751fe2d19c2d173',
    state: 'not-started',
    createdOn: '2019-02-22T20:51:24.744Z',
    modifiedOn: '2019-02-22T20:51:24.744Z',
    id: 'a5808450-36e3-11e9-b0b5-0dd43fa885a2',
    title: 'title 2',
    text: 'text 2',
    userId: '001' },
  { _id: '5c7060d9d751fe2d19c2d174',
    state: 'not-started',
    createdOn: '2019-02-22T20:51:24.744Z',
    modifiedOn: '2019-02-22T20:51:24.744Z',
    id: 'a580f980-36e3-11e9-b0b5-0dd43fa885a2',
    title: 'title 3',
    text: 'text 3',
    userId: '001' },
  { _id: '5c7060d9d751fe2d19c2d175',
    state: 'not-started',
    createdOn: '2019-02-22T20:51:24.744Z',
    modifiedOn: '2019-02-22T20:51:24.744Z',
    id: 'a58147a0-36e3-11e9-b0b5-0dd43fa885a2',
    title: 'title 4',
    text: 'text 4',
    userId: '001' },
  { _id: '5c7060d9d751fe2d19c2d176',
    state: 'not-started',
    createdOn: '2019-02-22T20:51:24.744Z',
    modifiedOn: '2019-02-22T20:51:24.744Z',
    id: 'a58195c0-36e3-11e9-b0b5-0dd43fa885a2',
    title: 'title 5',
    text: 'text 5',
    userId: '001' },
  { _id: '5c7060d9d751fe2d19c2d177',
    state: 'not-started',
    createdOn: '2019-02-22T20:51:24.744Z',
    modifiedOn: '2019-02-22T20:51:24.744Z',
    id: 'a581e3e0-36e3-11e9-b0b5-0dd43fa885a2',
    title: 'title 6',
    text: 'text 6',
    userId: '001' },
  { _id: '5c7062252840e82f209b8047',
    state: 'not-started',
    createdOn: '2019-02-22T20:56:54.505Z',
    modifiedOn: '2019-02-22T20:56:54.505Z',
    id: '6ba57640-36e4-11e9-b345-b73e8cb5f19f',
    title: 'title 1',
    text: 'text 1',
    userId: '001' },
  { _id: '5c7062252840e82f209b8048',
    state: 'not-started',
    createdOn: '2019-02-22T20:56:54.505Z',
    modifiedOn: '2019-02-22T20:56:54.505Z',
    id: '6ba994f0-36e4-11e9-b345-b73e8cb5f19f',
    title: 'title 2',
    text: 'text 2',
    userId: '001' },
  { _id: '5c7062252840e82f209b8049',
    state: 'not-started',
    createdOn: '2019-02-22T20:56:54.505Z',
    modifiedOn: '2019-02-22T20:56:54.505Z',
    id: '6ba9e310-36e4-11e9-b345-b73e8cb5f19f',
    title: 'title 3',
    text: 'text 3',
    userId: '001' },
  { _id: '5c7062252840e82f209b804a',
    state: 'not-started',
    createdOn: '2019-02-22T20:56:54.505Z',
    modifiedOn: '2019-02-22T20:56:54.505Z',
    id: '6baa3130-36e4-11e9-b345-b73e8cb5f19f',
    title: 'title 4',
    text: 'text 4',
    userId: '001' },
  { _id: '5c7062252840e82f209b804b',
    state: 'not-started',
    createdOn: '2019-02-22T20:56:54.505Z',
    modifiedOn: '2019-02-22T20:56:54.505Z',
    id: '6baa5840-36e4-11e9-b345-b73e8cb5f19f',
    title: 'title 5',
    text: 'text 5',
    userId: '001' },
  { _id: '5c7062252840e82f209b804c',
    state: 'not-started',
    createdOn: '2019-02-22T20:56:54.505Z',
    modifiedOn: '2019-02-22T20:56:54.505Z',
    id: '6baaa660-36e4-11e9-b345-b73e8cb5f19f',
    title: 'title 6',
    text: 'text 6',
    userId: '001' } ]
